<?xml version="1.0" encoding="UTF-8"?>
<testsuites>
  <testsuite name="C:\Users\karim\Desktop\Github Repos\School projects\project\phpunit.dusk.xml" tests="14" assertions="62" errors="1" failures="1" skipped="0" time="131.198954">
    <testsuite name="Browser Test Suite" tests="14" assertions="62" errors="1" failures="1" skipped="0" time="131.198954">
      <testsuite name="Tests\Browser\ExampleTest" file="C:\Users\karim\Desktop\Github Repos\School projects\project\tests\Browser\ExampleTest.php" tests="1" assertions="1" errors="0" failures="0" skipped="0" time="1.439616">
        <testcase name="testBasicExample" file="C:\Users\karim\Desktop\Github Repos\School projects\project\tests\Browser\ExampleTest.php" line="14" class="Tests\Browser\ExampleTest" classname="Tests.Browser.ExampleTest" assertions="1" time="1.439616"/>
      </testsuite>
      <testsuite name="Tests\Browser\GalleryTest" file="C:\Users\karim\Desktop\Github Repos\School projects\project\tests\Browser\GalleryTest.php" tests="4" assertions="22" errors="0" failures="1" skipped="0" time="13.375126">
        <testcase name="testCreate" file="C:\Users\karim\Desktop\Github Repos\School projects\project\tests\Browser\GalleryTest.php" line="15" class="Tests\Browser\GalleryTest" classname="Tests.Browser.GalleryTest" assertions="5" time="4.192695"/>
        <testcase name="testDelete" file="C:\Users\karim\Desktop\Github Repos\School projects\project\tests\Browser\GalleryTest.php" line="39" class="Tests\Browser\GalleryTest" classname="Tests.Browser.GalleryTest" assertions="5" time="3.093844">
          <failure type="PHPUnit\Framework\ExpectationFailedException">Tests\Browser\GalleryTest::testDelete&#13;
Saw unexpected text [Test afbeelding] within element [body].
Failed asserting that true is false.
&#13;
C:\Users\karim\Desktop\Github Repos\School projects\project\vendor\laravel\dusk\src\Concerns\MakesAssertions.php:202
C:\Users\karim\Desktop\Github Repos\School projects\project\vendor\laravel\dusk\src\Concerns\MakesAssertions.php:164
C:\Users\karim\Desktop\Github Repos\School projects\project\tests\Browser\GalleryTest.php:56
C:\Users\karim\Desktop\Github Repos\School projects\project\vendor\laravel\dusk\src\Concerns\ProvidesBrowser.php:70
C:\Users\karim\Desktop\Github Repos\School projects\project\tests\Browser\GalleryTest.php:41
C:\Users\karim\Desktop\Github Repos\School projects\project\vendor\laravel\framework\src\Illuminate\Foundation\Testing\TestCase.php:177</failure>
        </testcase>
        <testcase name="testEdit" file="C:\Users\karim\Desktop\Github Repos\School projects\project\tests\Browser\GalleryTest.php" line="65" class="Tests\Browser\GalleryTest" classname="Tests.Browser.GalleryTest" assertions="7" time="4.438740"/>
        <testcase name="testValidation" file="C:\Users\karim\Desktop\Github Repos\School projects\project\tests\Browser\GalleryTest.php" line="96" class="Tests\Browser\GalleryTest" classname="Tests.Browser.GalleryTest" assertions="5" time="1.649847"/>
      </testsuite>
      <testsuite name="Tests\Browser\HistoryTest" file="C:\Users\karim\Desktop\Github Repos\School projects\project\tests\Browser\HistoryTest.php" tests="3" assertions="15" errors="0" failures="0" skipped="0" time="33.924380">
        <testcase name="testExample" file="C:\Users\karim\Desktop\Github Repos\School projects\project\tests\Browser\HistoryTest.php" line="15" class="Tests\Browser\HistoryTest" classname="Tests.Browser.HistoryTest" assertions="4" time="8.189500"/>
        <testcase name="testExampleEdit" file="C:\Users\karim\Desktop\Github Repos\School projects\project\tests\Browser\HistoryTest.php" line="42" class="Tests\Browser\HistoryTest" classname="Tests.Browser.HistoryTest" assertions="6" time="13.656197"/>
        <testcase name="testExampleDelete" file="C:\Users\karim\Desktop\Github Repos\School projects\project\tests\Browser\HistoryTest.php" line="84" class="Tests\Browser\HistoryTest" classname="Tests.Browser.HistoryTest" assertions="5" time="12.078683"/>
      </testsuite>
      <testsuite name="Tests\Browser\NewsTest" file="C:\Users\karim\Desktop\Github Repos\School projects\project\tests\Browser\NewsTest.php" tests="4" assertions="22" errors="0" failures="0" skipped="0" time="12.927622">
        <testcase name="testCreate" file="C:\Users\karim\Desktop\Github Repos\School projects\project\tests\Browser\NewsTest.php" line="15" class="Tests\Browser\NewsTest" classname="Tests.Browser.NewsTest" assertions="5" time="3.791153"/>
        <testcase name="testDelete" file="C:\Users\karim\Desktop\Github Repos\School projects\project\tests\Browser\NewsTest.php" line="38" class="Tests\Browser\NewsTest" classname="Tests.Browser.NewsTest" assertions="6" time="3.033007"/>
        <testcase name="testEdit" file="C:\Users\karim\Desktop\Github Repos\School projects\project\tests\Browser\NewsTest.php" line="63" class="Tests\Browser\NewsTest" classname="Tests.Browser.NewsTest" assertions="7" time="4.344653"/>
        <testcase name="testValidationCreate" file="C:\Users\karim\Desktop\Github Repos\School projects\project\tests\Browser\NewsTest.php" line="93" class="Tests\Browser\NewsTest" classname="Tests.Browser.NewsTest" assertions="4" time="1.758809"/>
      </testsuite>
      <testsuite name="Tests\Browser\PaymentTest" file="C:\Users\karim\Desktop\Github Repos\School projects\project\tests\Browser\PaymentTest.php" tests="1" assertions="1" errors="0" failures="0" skipped="0" time="7.806949">
        <testcase name="testSuccesfulPayment" file="C:\Users\karim\Desktop\Github Repos\School projects\project\tests\Browser\PaymentTest.php" line="11" class="Tests\Browser\PaymentTest" classname="Tests.Browser.PaymentTest" assertions="1" time="7.806949"/>
      </testsuite>
      <testsuite name="Tests\Browser\TicketExportTest" file="C:\Users\karim\Desktop\Github Repos\School projects\project\tests\Browser\TicketExportTest.php" tests="1" assertions="1" errors="1" failures="0" skipped="0" time="61.725261">
        <testcase name="testTicketExport" file="C:\Users\karim\Desktop\Github Repos\School projects\project\tests\Browser\TicketExportTest.php" line="12" class="Tests\Browser\TicketExportTest" classname="Tests.Browser.TicketExportTest" assertions="1" time="61.725261">
          <error type="Facebook\WebDriver\Exception\TimeoutException">Tests\Browser\TicketExportTest::testTicketExport&#13;
Facebook\WebDriver\Exception\TimeoutException: timeout: Timed out receiving message from renderer: 10.000
  (Session info: chrome=124.0.6367.119)
&#13;
C:\Users\karim\Desktop\Github Repos\School projects\project\vendor\php-webdriver\webdriver\lib\Exception\WebDriverException.php:136
C:\Users\karim\Desktop\Github Repos\School projects\project\vendor\php-webdriver\webdriver\lib\Remote\HttpCommandExecutor.php:359
C:\Users\karim\Desktop\Github Repos\School projects\project\vendor\php-webdriver\webdriver\lib\Remote\RemoteWebDriver.php:601
C:\Users\karim\Desktop\Github Repos\School projects\project\vendor\php-webdriver\webdriver\lib\Remote\RemoteExecuteMethod.php:23
C:\Users\karim\Desktop\Github Repos\School projects\project\vendor\php-webdriver\webdriver\lib\Support\ScreenshotHelper.php:45
C:\Users\karim\Desktop\Github Repos\School projects\project\vendor\php-webdriver\webdriver\lib\Support\ScreenshotHelper.php:33
C:\Users\karim\Desktop\Github Repos\School projects\project\vendor\php-webdriver\webdriver\lib\Remote\RemoteWebDriver.php:381
C:\Users\karim\Desktop\Github Repos\School projects\project\vendor\laravel\dusk\src\Browser.php:426
C:\Users\karim\Desktop\Github Repos\School projects\project\vendor\laravel\dusk\src\Concerns\ProvidesBrowser.php:150
C:\Users\karim\Desktop\Github Repos\School projects\project\vendor\laravel\framework\src\Illuminate\Collections\Traits\EnumeratesValues.php:240
C:\Users\karim\Desktop\Github Repos\School projects\project\vendor\laravel\dusk\src\Concerns\ProvidesBrowser.php:143
C:\Users\karim\Desktop\Github Repos\School projects\project\vendor\laravel\dusk\src\Concerns\ProvidesBrowser.php:72
C:\Users\karim\Desktop\Github Repos\School projects\project\tests\Browser\TicketExportTest.php:14
C:\Users\karim\Desktop\Github Repos\School projects\project\vendor\laravel\framework\src\Illuminate\Foundation\Testing\TestCase.php:177</error>
        </testcase>
      </testsuite>
    </testsuite>
  </testsuite>
</testsuites>
