<?xml version="1.0" encoding="UTF-8"?>
<testsuites>
  <testsuite name="C:\Users\karim\Desktop\Github Repos\School projects\project\phpunit.dusk.xml" tests="14" assertions="63" errors="1" failures="1" skipped="0" time="131.636238">
    <testsuite name="Browser Test Suite" tests="14" assertions="63" errors="1" failures="1" skipped="0" time="131.636238">
      <testsuite name="Tests\Browser\ExampleTest" file="C:\Users\karim\Desktop\Github Repos\School projects\project\tests\Browser\ExampleTest.php" tests="1" assertions="1" errors="0" failures="0" skipped="0" time="1.234771">
        <testcase name="testBasicExample" file="C:\Users\karim\Desktop\Github Repos\School projects\project\tests\Browser\ExampleTest.php" line="14" class="Tests\Browser\ExampleTest" classname="Tests.Browser.ExampleTest" assertions="1" time="1.234771"/>
      </testsuite>
      <testsuite name="Tests\Browser\GalleryTest" file="C:\Users\karim\Desktop\Github Repos\School projects\project\tests\Browser\GalleryTest.php" tests="4" assertions="23" errors="0" failures="0" skipped="0" time="13.610757">
        <testcase name="testCreate" file="C:\Users\karim\Desktop\Github Repos\School projects\project\tests\Browser\GalleryTest.php" line="15" class="Tests\Browser\GalleryTest" classname="Tests.Browser.GalleryTest" assertions="5" time="4.962747"/>
        <testcase name="testDelete" file="C:\Users\karim\Desktop\Github Repos\School projects\project\tests\Browser\GalleryTest.php" line="39" class="Tests\Browser\GalleryTest" classname="Tests.Browser.GalleryTest" assertions="6" time="2.828240"/>
        <testcase name="testEdit" file="C:\Users\karim\Desktop\Github Repos\School projects\project\tests\Browser\GalleryTest.php" line="65" class="Tests\Browser\GalleryTest" classname="Tests.Browser.GalleryTest" assertions="7" time="4.205676"/>
        <testcase name="testValidation" file="C:\Users\karim\Desktop\Github Repos\School projects\project\tests\Browser\GalleryTest.php" line="96" class="Tests\Browser\GalleryTest" classname="Tests.Browser.GalleryTest" assertions="5" time="1.614094"/>
      </testsuite>
      <testsuite name="Tests\Browser\HistoryTest" file="C:\Users\karim\Desktop\Github Repos\School projects\project\tests\Browser\HistoryTest.php" tests="3" assertions="15" errors="0" failures="0" skipped="0" time="39.887485">
        <testcase name="testExample" file="C:\Users\karim\Desktop\Github Repos\School projects\project\tests\Browser\HistoryTest.php" line="15" class="Tests\Browser\HistoryTest" classname="Tests.Browser.HistoryTest" assertions="4" time="15.321240"/>
        <testcase name="testExampleEdit" file="C:\Users\karim\Desktop\Github Repos\School projects\project\tests\Browser\HistoryTest.php" line="42" class="Tests\Browser\HistoryTest" classname="Tests.Browser.HistoryTest" assertions="6" time="13.067499"/>
        <testcase name="testExampleDelete" file="C:\Users\karim\Desktop\Github Repos\School projects\project\tests\Browser\HistoryTest.php" line="84" class="Tests\Browser\HistoryTest" classname="Tests.Browser.HistoryTest" assertions="5" time="11.498747"/>
      </testsuite>
      <testsuite name="Tests\Browser\NewsTest" file="C:\Users\karim\Desktop\Github Repos\School projects\project\tests\Browser\NewsTest.php" tests="4" assertions="22" errors="0" failures="0" skipped="0" time="11.900780">
        <testcase name="testCreate" file="C:\Users\karim\Desktop\Github Repos\School projects\project\tests\Browser\NewsTest.php" line="15" class="Tests\Browser\NewsTest" classname="Tests.Browser.NewsTest" assertions="5" time="3.526937"/>
        <testcase name="testDelete" file="C:\Users\karim\Desktop\Github Repos\School projects\project\tests\Browser\NewsTest.php" line="38" class="Tests\Browser\NewsTest" classname="Tests.Browser.NewsTest" assertions="6" time="2.671213"/>
        <testcase name="testEdit" file="C:\Users\karim\Desktop\Github Repos\School projects\project\tests\Browser\NewsTest.php" line="63" class="Tests\Browser\NewsTest" classname="Tests.Browser.NewsTest" assertions="7" time="3.820114"/>
        <testcase name="testValidationCreate" file="C:\Users\karim\Desktop\Github Repos\School projects\project\tests\Browser\NewsTest.php" line="93" class="Tests\Browser\NewsTest" classname="Tests.Browser.NewsTest" assertions="4" time="1.882515"/>
      </testsuite>
      <testsuite name="Tests\Browser\PaymentTest" file="C:\Users\karim\Desktop\Github Repos\School projects\project\tests\Browser\PaymentTest.php" tests="1" assertions="1" errors="0" failures="1" skipped="0" time="3.450387">
        <testcase name="testSuccesfulPayment" file="C:\Users\karim\Desktop\Github Repos\School projects\project\tests\Browser\PaymentTest.php" line="11" class="Tests\Browser\PaymentTest" classname="Tests.Browser.PaymentTest" assertions="1" time="3.450387">
          <failure type="PHPUnit\Framework\ExpectationFailedException">Tests\Browser\PaymentTest::testSuccesfulPayment&#13;
Actual path [/checkout/select-issuer/ideal/Z5HoG7RW3n] does not equal expected path [/payment/status].
Failed asserting that '/checkout/select-issuer/ideal/Z5HoG7RW3n' matches PCRE pattern "/^\/payment\/status$/u".
&#13;
C:\Users\karim\Desktop\Github Repos\School projects\project\vendor\laravel\dusk\src\Concerns\MakesUrlAssertions.php:183
C:\Users\karim\Desktop\Github Repos\School projects\project\vendor\laravel\dusk\src\Concerns\MakesUrlAssertions.php:218
C:\Users\karim\Desktop\Github Repos\School projects\project\tests\Browser\PaymentTest.php:21
C:\Users\karim\Desktop\Github Repos\School projects\project\vendor\laravel\dusk\src\Concerns\ProvidesBrowser.php:70
C:\Users\karim\Desktop\Github Repos\School projects\project\tests\Browser\PaymentTest.php:13
C:\Users\karim\Desktop\Github Repos\School projects\project\vendor\laravel\framework\src\Illuminate\Foundation\Testing\TestCase.php:177</failure>
        </testcase>
      </testsuite>
      <testsuite name="Tests\Browser\TicketExportTest" file="C:\Users\karim\Desktop\Github Repos\School projects\project\tests\Browser\TicketExportTest.php" tests="1" assertions="1" errors="1" failures="0" skipped="0" time="61.552058">
        <testcase name="testTicketExport" file="C:\Users\karim\Desktop\Github Repos\School projects\project\tests\Browser\TicketExportTest.php" line="12" class="Tests\Browser\TicketExportTest" classname="Tests.Browser.TicketExportTest" assertions="1" time="61.552058">
          <error type="Facebook\WebDriver\Exception\TimeoutException">Tests\Browser\TicketExportTest::testTicketExport&#13;
Facebook\WebDriver\Exception\TimeoutException: timeout: Timed out receiving message from renderer: 10.000
  (Session info: chrome=124.0.6367.119)
&#13;
C:\Users\karim\Desktop\Github Repos\School projects\project\vendor\php-webdriver\webdriver\lib\Exception\WebDriverException.php:136
C:\Users\karim\Desktop\Github Repos\School projects\project\vendor\php-webdriver\webdriver\lib\Remote\HttpCommandExecutor.php:359
C:\Users\karim\Desktop\Github Repos\School projects\project\vendor\php-webdriver\webdriver\lib\Remote\RemoteWebDriver.php:601
C:\Users\karim\Desktop\Github Repos\School projects\project\vendor\php-webdriver\webdriver\lib\Remote\RemoteExecuteMethod.php:23
C:\Users\karim\Desktop\Github Repos\School projects\project\vendor\php-webdriver\webdriver\lib\Support\ScreenshotHelper.php:45
C:\Users\karim\Desktop\Github Repos\School projects\project\vendor\php-webdriver\webdriver\lib\Support\ScreenshotHelper.php:33
C:\Users\karim\Desktop\Github Repos\School projects\project\vendor\php-webdriver\webdriver\lib\Remote\RemoteWebDriver.php:381
C:\Users\karim\Desktop\Github Repos\School projects\project\vendor\laravel\dusk\src\Browser.php:426
C:\Users\karim\Desktop\Github Repos\School projects\project\vendor\laravel\dusk\src\Concerns\ProvidesBrowser.php:150
C:\Users\karim\Desktop\Github Repos\School projects\project\vendor\laravel\framework\src\Illuminate\Collections\Traits\EnumeratesValues.php:240
C:\Users\karim\Desktop\Github Repos\School projects\project\vendor\laravel\dusk\src\Concerns\ProvidesBrowser.php:143
C:\Users\karim\Desktop\Github Repos\School projects\project\vendor\laravel\dusk\src\Concerns\ProvidesBrowser.php:72
C:\Users\karim\Desktop\Github Repos\School projects\project\tests\Browser\TicketExportTest.php:14
C:\Users\karim\Desktop\Github Repos\School projects\project\vendor\laravel\framework\src\Illuminate\Foundation\Testing\TestCase.php:177</error>
        </testcase>
      </testsuite>
    </testsuite>
  </testsuite>
</testsuites>
